[2022-06-07T11:40:38.966979+00:00] action.INFO: Chat was cleared [] []
[2022-06-07T11:40:54.257862+00:00] action.INFO: New message {"user":"dasha","message":"привет"} []
[2022-06-07T11:42:04.378379+00:00] action.INFO: New message {"user":"admin","message":"проверка logs"} []
[2022-06-07T11:42:16.723928+00:00] action.INFO: Chat was cleared [] []
[2022-06-07T11:42:36.958228+00:00] action.INFO: New message {"user":"admin","message":"пару сообщений для логов"} []
[2022-06-07T11:43:04.302755+00:00] action.INFO: New message {"user":"dasha","message":"monolog and twig"} []
[2022-06-07T12:01:00.850744+00:00] action.ERROR: Non-existent user or incorrect password entered [] []
[2022-06-07T12:03:46.327174+00:00] action.INFO: New message {"user":"admin","message":"предпоследняя проверка"} []
[2022-06-07T12:06:42.703997+00:00] action.INFO: New message {"user":"dasha","message":"last check"} []
[2022-06-09T03:50:13.293963+00:00] action.INFO: New message {"login":"dasha","message":"ghb"} []
[2022-06-09T03:51:17.507367+00:00] action.INFO: Chat was cleared [] []
[2022-06-09T07:09:37.793575+00:00] action.INFO: New message {"login":"dasha","message":"ку"} []
[2022-06-09T07:16:31.649742+00:00] action.INFO: New message {"login":"admin","message":"ghb"} []
[2022-06-09T07:16:39.927157+00:00] action.INFO: Chat was cleared [] []
[2022-06-09T07:17:25.874547+00:00] action.INFO: New message {"login":"dasha","message":"проверка неправильный логин"} []
[2022-06-09T07:18:03.521993+00:00] action.INFO: New message {"login":"admin","message":"проверка неправильный пароль"} []
[2022-06-09T07:18:40.375945+00:00] action.INFO: New message {"login":"dasha","message":"pdo_mysql работает"} []
[2022-06-09T07:28:57.230066+00:00] action.ERROR: Non-existent user or incorrect password entered [] []
[2022-06-09T07:29:35.910026+00:00] action.INFO: New message {"login":"dasha","message":"проверка неправильный логин"} []
[2022-06-09T07:29:35.910026+00:00] action.INFO: New message {"login":"dasha","message":"проверка неправильный логин"} []
[2022-06-09T07:29:43.382401+00:00] action.ERROR: This user is not registered [] []
[2022-06-09T07:29:57.879577+00:00] action.INFO: New message {"login":"admin","message":"проверка неправильный пароль"} []
[2022-06-09T07:30:02.524996+00:00] action.ERROR: Non-existent user or incorrect password entered [] []
[2022-06-09T07:30:20.169893+00:00] action.INFO: New message {"login":"dasha","message":"теперь точно работает"} []
[2022-06-09T07:32:42.958452+00:00] action.INFO: New message {"login":"admin","message":"last check"} []
